-------------------------------------------------------------------------------
Test set: com.cathaypacific.mmbbizrule.oneaservice.pnr.PnrResponseParserTest
-------------------------------------------------------------------------------
Tests run: 9, Failures: 0, Errors: 6, Skipped: 0, Time elapsed: 0.994 sec <<< FAILURE! - in com.cathaypacific.mmbbizrule.oneaservice.pnr.PnrResponseParserTest
paserResponseTestEmptyEquipment(com.cathaypacific.mmbbizrule.oneaservice.pnr.PnrResponseParserTest)  Time elapsed: 0.903 sec  <<< ERROR!
java.lang.IllegalArgumentException: Date text cannot be parsed by source format.
	at com.cathaypacific.mbcommon.utils.DateUtil.convertDateFormatForDob(DateUtil.java:201)
	at com.cathaypacific.mmbbizrule.oneaservice.pnr.PnrResponseParser.parserTravelDocFreeTextForDOCS(PnrResponseParser.java:4381)
	at com.cathaypacific.mmbbizrule.oneaservice.pnr.PnrResponseParser.parserTavelDocFreeText(PnrResponseParser.java:4280)
	at com.cathaypacific.mmbbizrule.oneaservice.pnr.PnrResponseParser.parserTravelDocAndTS(PnrResponseParser.java:4231)
	at com.cathaypacific.mmbbizrule.oneaservice.pnr.PnrResponseParser.parserPassengerSegment(PnrResponseParser.java:2071)
	at com.cathaypacific.mmbbizrule.oneaservice.pnr.PnrResponseParser.paserResponse(PnrResponseParser.java:436)
	at com.cathaypacific.mmbbizrule.oneaservice.pnr.PnrResponseParserTest.paserResponseTestEmptyEquipment(PnrResponseParserTest.java:447)

paser_ResponseTest_invalid_segment_N(com.cathaypacific.mmbbizrule.oneaservice.pnr.PnrResponseParserTest)  Time elapsed: 0.013 sec  <<< ERROR!
java.lang.IllegalArgumentException: Date text cannot be parsed by source format.
	at com.cathaypacific.mbcommon.utils.DateUtil.convertDateFormatForDob(DateUtil.java:201)
	at com.cathaypacific.mmbbizrule.oneaservice.pnr.PnrResponseParser.parserTravelDocFreeTextForDOCS(PnrResponseParser.java:4381)
	at com.cathaypacific.mmbbizrule.oneaservice.pnr.PnrResponseParser.parserTavelDocFreeText(PnrResponseParser.java:4280)
	at com.cathaypacific.mmbbizrule.oneaservice.pnr.PnrResponseParser.parserTravelDocAndTS(PnrResponseParser.java:4231)
	at com.cathaypacific.mmbbizrule.oneaservice.pnr.PnrResponseParser.parserPassengerSegment(PnrResponseParser.java:2071)
	at com.cathaypacific.mmbbizrule.oneaservice.pnr.PnrResponseParser.paserResponse(PnrResponseParser.java:436)
	at com.cathaypacific.mmbbizrule.oneaservice.pnr.PnrResponseParserTest.paser_ResponseTest_invalid_segment_N(PnrResponseParserTest.java:598)

paser_ResponseTest_protection_rm_parse(com.cathaypacific.mmbbizrule.oneaservice.pnr.PnrResponseParserTest)  Time elapsed: 0.008 sec  <<< ERROR!
java.lang.IllegalArgumentException: Date text cannot be parsed by source format.
	at com.cathaypacific.mbcommon.utils.DateUtil.convertDateFormatForDob(DateUtil.java:201)
	at com.cathaypacific.mmbbizrule.oneaservice.pnr.PnrResponseParser.parserTravelDocFreeTextForDOCS(PnrResponseParser.java:4381)
	at com.cathaypacific.mmbbizrule.oneaservice.pnr.PnrResponseParser.parserTavelDocFreeText(PnrResponseParser.java:4280)
	at com.cathaypacific.mmbbizrule.oneaservice.pnr.PnrResponseParser.parserTravelDocAndTS(PnrResponseParser.java:4231)
	at com.cathaypacific.mmbbizrule.oneaservice.pnr.PnrResponseParser.parserPassengerSegment(PnrResponseParser.java:2071)
	at com.cathaypacific.mmbbizrule.oneaservice.pnr.PnrResponseParser.paserResponse(PnrResponseParser.java:436)
	at com.cathaypacific.mmbbizrule.oneaservice.pnr.PnrResponseParserTest.paser_ResponseTest_protection_rm_parse(PnrResponseParserTest.java:715)

paserResponseTest(com.cathaypacific.mmbbizrule.oneaservice.pnr.PnrResponseParserTest)  Time elapsed: 0.017 sec  <<< ERROR!
java.lang.IllegalArgumentException: Date text cannot be parsed by source format.
	at com.cathaypacific.mbcommon.utils.DateUtil.convertDateFormatForDob(DateUtil.java:201)
	at com.cathaypacific.mmbbizrule.oneaservice.pnr.PnrResponseParser.parserTravelDocFreeTextForDOCS(PnrResponseParser.java:4381)
	at com.cathaypacific.mmbbizrule.oneaservice.pnr.PnrResponseParser.parserTavelDocFreeText(PnrResponseParser.java:4280)
	at com.cathaypacific.mmbbizrule.oneaservice.pnr.PnrResponseParser.parserTravelDocAndTS(PnrResponseParser.java:4231)
	at com.cathaypacific.mmbbizrule.oneaservice.pnr.PnrResponseParser.parserPassengerSegment(PnrResponseParser.java:2071)
	at com.cathaypacific.mmbbizrule.oneaservice.pnr.PnrResponseParser.paserResponse(PnrResponseParser.java:436)
	at com.cathaypacific.mmbbizrule.oneaservice.pnr.PnrResponseParserTest.paserResponseTest(PnrResponseParserTest.java:130)

paserResponseTest_pax_type_test(com.cathaypacific.mmbbizrule.oneaservice.pnr.PnrResponseParserTest)  Time elapsed: 0.012 sec  <<< ERROR!
java.lang.IllegalArgumentException: Date text cannot be parsed by source format.
	at com.cathaypacific.mbcommon.utils.DateUtil.convertDateFormat(DateUtil.java:129)
	at com.cathaypacific.mmbbizrule.oneaservice.pnr.PnrResponseParser.parserInfantInfo(PnrResponseParser.java:1586)
	at com.cathaypacific.mmbbizrule.oneaservice.pnr.PnrResponseParser.parserDataElement(PnrResponseParser.java:1495)
	at com.cathaypacific.mmbbizrule.oneaservice.pnr.PnrResponseParser.paserResponse(PnrResponseParser.java:410)
	at com.cathaypacific.mmbbizrule.oneaservice.pnr.PnrResponseParserTest.paserResponseTest_pax_type_test(PnrResponseParserTest.java:515)

paser_ResponseTest_SSRINFT(com.cathaypacific.mmbbizrule.oneaservice.pnr.PnrResponseParserTest)  Time elapsed: 0.005 sec  <<< ERROR!
java.lang.IllegalArgumentException: Date text cannot be parsed by source format.
	at com.cathaypacific.mbcommon.utils.DateUtil.convertDateFormat(DateUtil.java:129)
	at com.cathaypacific.mmbbizrule.oneaservice.pnr.PnrResponseParser.parserInfantInfo(PnrResponseParser.java:1586)
	at com.cathaypacific.mmbbizrule.oneaservice.pnr.PnrResponseParser.parserDataElement(PnrResponseParser.java:1495)
	at com.cathaypacific.mmbbizrule.oneaservice.pnr.PnrResponseParser.paserResponse(PnrResponseParser.java:410)
	at com.cathaypacific.mmbbizrule.oneaservice.pnr.PnrResponseParserTest.paser_ResponseTest_SSRINFT(PnrResponseParserTest.java:781)

