<?xml version="1.0" encoding="UTF-8"?>
<testsuite name="com.cathaypacific.mmbbizrule.service.impl.BookingBuildServiceImplTest" time="0.212" tests="19" errors="0" skipped="0" failures="0">
  <properties>
[...]
</properties>
  <testcase name="test_SpecialServiceUMNR" classname="com.cathaypacific.mmbbizrule.service.impl.BookingBuildServiceImplTest" time="0.059"/>
  <testcase name="test_IncompleteRedemptionBookingEticketLogin" classname="com.cathaypacific.mmbbizrule.service.impl.BookingBuildServiceImplTest" time="0.013"/>
  <testcase name="test_CountryOfResidenceAndGenderDOB" classname="com.cathaypacific.mmbbizrule.service.impl.BookingBuildServiceImplTest" time="0.009"/>
  <testcase name="test_AsrExlSeat" classname="com.cathaypacific.mmbbizrule.service.impl.BookingBuildServiceImplTest" time="0.007"/>
  <testcase name="test_isBookingOnHold" classname="com.cathaypacific.mmbbizrule.service.impl.BookingBuildServiceImplTest" time="0.008"/>
  <testcase name="test_BaggageAllowance1" classname="com.cathaypacific.mmbbizrule.service.impl.BookingBuildServiceImplTest" time="0.009"/>
  <testcase name="test_BookingBuildIssueTicketDBMatch" classname="com.cathaypacific.mmbbizrule.service.impl.BookingBuildServiceImplTest" time="0.01"/>
  <testcase name="test_AsrExlSeat1" classname="com.cathaypacific.mmbbizrule.service.impl.BookingBuildServiceImplTest" time="0.008"/>
  <testcase name="test_BaggageAllowance" classname="com.cathaypacific.mmbbizrule.service.impl.BookingBuildServiceImplTest" time="0.008"/>
  <testcase name="test_SeatSelection" classname="com.cathaypacific.mmbbizrule.service.impl.BookingBuildServiceImplTest" time="0.01"/>
  <testcase name="test_IncompleteRedemptionBookingRlocLogin" classname="com.cathaypacific.mmbbizrule.service.impl.BookingBuildServiceImplTest" time="0.003"/>
  <testcase name="test_BookingBuildIssueTicketDBNotMatch" classname="com.cathaypacific.mmbbizrule.service.impl.BookingBuildServiceImplTest" time="0.008"/>
  <testcase name="test_BookingASREnable" classname="com.cathaypacific.mmbbizrule.service.impl.BookingBuildServiceImplTest" time="0.009"/>
  <testcase name="test_IncompleteRedemptionBookingMemberLogin" classname="com.cathaypacific.mmbbizrule.service.impl.BookingBuildServiceImplTest" time="0.01"/>
  <testcase name="test_BookingBuild1" classname="com.cathaypacific.mmbbizrule.service.impl.BookingBuildServiceImplTest" time="0.008"/>
  <testcase name="test_BookingBuild2" classname="com.cathaypacific.mmbbizrule.service.impl.BookingBuildServiceImplTest" time="0.009"/>
  <testcase name="test_BookingBuild3" classname="com.cathaypacific.mmbbizrule.service.impl.BookingBuildServiceImplTest" time="0.009"/>
  <testcase name="test_BookingBuild4" classname="com.cathaypacific.mmbbizrule.service.impl.BookingBuildServiceImplTest" time="0.007"/>
  <testcase name="test_BookingBuild5" classname="com.cathaypacific.mmbbizrule.service.impl.BookingBuildServiceImplTest" time="0.008"/>
</testsuite>